2024-10-15 03:24:15 [main] INFO  com.example.demo.DemoApplication - Starting DemoApplication using Java 17.0.12 with PID 6408 (/workspaces/k8s-manifests/target/classes started by codespace in /workspaces/k8s-manifests)
2024-10-15 03:24:15 [main] DEBUG com.example.demo.DemoApplication - Running with Spring Boot v3.0.0, Spring v6.0.2
2024-10-15 03:24:15 [main] INFO  com.example.demo.DemoApplication - No active profile set, falling back to 1 default profile: "default"
2024-10-15 03:24:17 [main] INFO  o.s.b.w.e.tomcat.TomcatWebServer - Tomcat initialized with port(s): 8080 (http)
2024-10-15 03:24:17 [main] INFO  o.a.catalina.core.StandardService - Starting service [Tomcat]
2024-10-15 03:24:17 [main] INFO  o.a.catalina.core.StandardEngine - Starting Servlet engine: [Apache Tomcat/10.1.1]
2024-10-15 03:24:17 [main] INFO  o.a.c.c.C.[Tomcat].[localhost].[/] - Initializing Spring embedded WebApplicationContext
2024-10-15 03:24:17 [main] INFO  o.s.b.w.s.c.ServletWebServerApplicationContext - Root WebApplicationContext: initialization completed in 1622 ms
2024-10-15 03:24:18 [main] INFO  o.s.b.w.e.tomcat.TomcatWebServer - Tomcat started on port(s): 8080 (http) with context path ''
2024-10-15 03:24:18 [main] INFO  com.example.demo.DemoApplication - Started DemoApplication in 3.661 seconds (process running for 4.27)
2024-10-15 03:24:35 [http-nio-8080-exec-1] INFO  o.a.c.c.C.[Tomcat].[localhost].[/] - Initializing Spring DispatcherServlet 'dispatcherServlet'
2024-10-15 03:24:35 [http-nio-8080-exec-1] INFO  o.s.web.servlet.DispatcherServlet - Initializing Servlet 'dispatcherServlet'
2024-10-15 03:24:35 [http-nio-8080-exec-1] INFO  o.s.web.servlet.DispatcherServlet - Completed initialization in 1 ms
2024-10-15 03:24:35 [http-nio-8080-exec-1] INFO  c.e.demo.controller.HelloController - RAMA MAIN
2024-10-15 03:25:49 [main] INFO  com.example.demo.DemoApplication - Starting DemoApplication using Java 17.0.12 with PID 7753 (/workspaces/k8s-manifests/target/classes started by codespace in /workspaces/k8s-manifests)
2024-10-15 03:25:49 [main] DEBUG com.example.demo.DemoApplication - Running with Spring Boot v3.0.0, Spring v6.0.2
2024-10-15 03:25:49 [main] INFO  com.example.demo.DemoApplication - No active profile set, falling back to 1 default profile: "default"
2024-10-15 03:25:50 [main] INFO  o.s.b.w.e.tomcat.TomcatWebServer - Tomcat initialized with port(s): 8080 (http)
2024-10-15 03:25:50 [main] INFO  o.a.catalina.core.StandardService - Starting service [Tomcat]
2024-10-15 03:25:50 [main] INFO  o.a.catalina.core.StandardEngine - Starting Servlet engine: [Apache Tomcat/10.1.1]
2024-10-15 03:25:50 [main] INFO  o.a.c.c.C.[Tomcat].[localhost].[/] - Initializing Spring embedded WebApplicationContext
2024-10-15 03:25:50 [main] INFO  o.s.b.w.s.c.ServletWebServerApplicationContext - Root WebApplicationContext: initialization completed in 1653 ms
2024-10-15 03:25:51 [main] INFO  o.s.b.a.e.web.EndpointLinksResolver - Exposing 1 endpoint(s) beneath base path '/actuator'
2024-10-15 03:25:51 [main] INFO  o.s.b.w.e.tomcat.TomcatWebServer - Tomcat started on port(s): 8080 (http) with context path ''
2024-10-15 03:25:51 [main] INFO  com.example.demo.DemoApplication - Started DemoApplication in 3.511 seconds (process running for 4.074)
2024-10-15 03:25:54 [RMI TCP Connection(2)-127.0.0.1] INFO  o.a.c.c.C.[Tomcat].[localhost].[/] - Initializing Spring DispatcherServlet 'dispatcherServlet'
2024-10-15 03:25:54 [RMI TCP Connection(2)-127.0.0.1] INFO  o.s.web.servlet.DispatcherServlet - Initializing Servlet 'dispatcherServlet'
2024-10-15 03:25:54 [RMI TCP Connection(2)-127.0.0.1] INFO  o.s.web.servlet.DispatcherServlet - Completed initialization in 1 ms
2024-10-15 03:26:25 [http-nio-8080-exec-1] INFO  c.e.demo.controller.HelloController - RAMA MAIN
